2026-07-19T02:44:05.755Z root WARN Backend DefaultMessagingService.initialize took longer than the expected maximum 50 milliseconds: 150.5 ms [1.450 s since backend process start]
2026-07-19T02:44:05.756Z root WARN Backend Object.initialize took longer than the expected maximum 50 milliseconds: 148.2 ms [1.450 s since backend process start]
2026-07-19T02:44:05.758Z root WARN Backend LocalizationServerImpl.initialize took longer than the expected maximum 50 milliseconds: 148.2 ms [1.450 s since backend process start]
2026-07-19T02:44:09.072Z root WARN Frontend CommonFrontendContribution.configure took longer than the expected maximum 100 milliseconds: 150.8 ms [3.271 s since frontend page start]
2026-07-19T02:44:09.119Z root ERROR TypeError: this.target[method] is not a function
    at RpcProxyFactory.onNotification (D:\Aaron\workspace\projects\2026\eos\Athena\ide\theia-product\lib\backend\main.js:112203:30)
    at D:\Aaron\workspace\projects\2026\eos\Athena\ide\theia-product\lib\backend\main.js:112169:49
    at D:\Aaron\workspace\projects\2026\eos\Athena\ide\theia-product\lib\backend\main.js:41939:69
    at CallbackList.invoke (D:\Aaron\workspace\projects\2026\eos\Athena\ide\theia-product\lib\backend\main.js:41946:22)
    at _Emitter.fire (D:\Aaron\workspace\projects\2026\eos\Athena\ide\theia-product\lib\backend\main.js:42074:34)
    at _RpcProtocol.handleNotify (D:\Aaron\workspace\projects\2026\eos\Athena\ide\theia-product\lib\backend\main.js:111890:36)
    at _RpcProtocol.handleMessage (D:\Aaron\workspace\projects\2026\eos\Athena\ide\theia-product\lib\backend\main.js:111765:20)
    at D:\Aaron\workspace\projects\2026\eos\Athena\ide\theia-product\lib\backend\main.js:111747:68
    at D:\Aaron\workspace\projects\2026\eos\Athena\ide\theia-product\lib\backend\main.js:41939:69
    at CallbackList.invoke (D:\Aaron\workspace\projects\2026\eos\Athena\ide\theia-product\lib\backend\main.js:41946:22)
2026-07-19T02:44:09.611Z root WARN Linked preference "workbench.colorCustomizations" not found.
2026-07-19T02:44:09.611Z root WARN Linked preference "editor.experimental.preferTreeSitter" not found.
2026-07-19T02:44:10.462Z root WARN Frontend SkillPromptCoordinator.onStart took longer than the expected maximum 100 milliseconds: 1205.4 ms [4.660 s since frontend page start]
2026-07-19T02:44:10.702Z root WARN Frontend TerminalFrontendContribution.initializeLayout took longer than the expected maximum 100 milliseconds: 103.0 ms [4.895 s since frontend page start]
2026-07-19T02:44:12.884Z core:ApplicationShell WARN Widget was activated, but did not accept focus after 2000ms: athena.home
2026-07-19T02:44:13.186Z root WARN Frontend AthenaProductContribution.initializeLayout took longer than the expected maximum 100 milliseconds: 2418.4 ms [7.388 s since frontend page start]
2026-07-19T02:44:15.244Z core:ApplicationShell WARN Widget was activated, but did not accept focus after 2000ms: outputView
2026-07-19T02:45:33.784Z core:ApplicationShell WARN Widget was activated, but did not accept focus after 2000ms: outputView
libpng warning: iCCP: known incorrect sRGB profile
