2026-07-17T23:35:47.358Z root WARN Backend DefaultMessagingService.initialize took longer than the expected maximum 50 milliseconds: 192.9 ms [1.779 s since backend process start]
2026-07-17T23:35:47.360Z root WARN Backend Object.initialize took longer than the expected maximum 50 milliseconds: 188.2 ms [1.779 s since backend process start]
2026-07-17T23:35:47.362Z root WARN Backend LocalizationServerImpl.initialize took longer than the expected maximum 50 milliseconds: 188.1 ms [1.779 s since backend process start]
2026-07-17T23:35:50.889Z root WARN Frontend CommonFrontendContribution.configure took longer than the expected maximum 100 milliseconds: 166.4 ms [3.469 s since frontend page start]
2026-07-17T23:35:50.934Z root ERROR TypeError: this.target[method] is not a function
    at RpcProxyFactory.onNotification (D:\Aaron\workspace\projects\2026\eos\Athena\ide\theia-product\lib\backend\main.js:112203:30)
    at D:\Aaron\workspace\projects\2026\eos\Athena\ide\theia-product\lib\backend\main.js:112169:49
    at D:\Aaron\workspace\projects\2026\eos\Athena\ide\theia-product\lib\backend\main.js:41939:69
    at CallbackList.invoke (D:\Aaron\workspace\projects\2026\eos\Athena\ide\theia-product\lib\backend\main.js:41946:22)
    at _Emitter.fire (D:\Aaron\workspace\projects\2026\eos\Athena\ide\theia-product\lib\backend\main.js:42074:34)
    at _RpcProtocol.handleNotify (D:\Aaron\workspace\projects\2026\eos\Athena\ide\theia-product\lib\backend\main.js:111890:36)
    at _RpcProtocol.handleMessage (D:\Aaron\workspace\projects\2026\eos\Athena\ide\theia-product\lib\backend\main.js:111765:20)
    at D:\Aaron\workspace\projects\2026\eos\Athena\ide\theia-product\lib\backend\main.js:111747:68
    at D:\Aaron\workspace\projects\2026\eos\Athena\ide\theia-product\lib\backend\main.js:41939:69
    at CallbackList.invoke (D:\Aaron\workspace\projects\2026\eos\Athena\ide\theia-product\lib\backend\main.js:41946:22)
2026-07-17T23:35:51.501Z root WARN Linked preference "workbench.colorCustomizations" not found.
2026-07-17T23:35:51.501Z root WARN Linked preference "editor.experimental.preferTreeSitter" not found.
2026-07-17T23:35:52.522Z root WARN Frontend SkillPromptCoordinator.onStart took longer than the expected maximum 100 milliseconds: 1409.0 ms [5.094 s since frontend page start]
2026-07-17T23:35:52.840Z root WARN Frontend TerminalFrontendContribution.initializeLayout took longer than the expected maximum 100 milliseconds: 177.8 ms [5.415 s since frontend page start]
2026-07-17T23:35:54.977Z core:ApplicationShell WARN Widget was activated, but did not accept focus after 2000ms: athena.home
2026-07-17T23:35:55.355Z root WARN Frontend AthenaProductContribution.initializeLayout took longer than the expected maximum 100 milliseconds: 2437.2 ms [7.937 s since frontend page start]
2026-07-17T23:35:57.434Z core:ApplicationShell WARN Widget was activated, but did not accept focus after 2000ms: outputView
2026-07-18T00:15:43.790Z core:ElectronTokenBackendContribution ERROR refused an http request: 127.0.0.1
2026-07-18T00:17:51.213Z core:ApplicationShell WARN Widget was activated, but did not accept focus after 2000ms: outputView
2026-07-18T00:23:35.328Z core:ApplicationShell WARN Widget was activated, but did not accept focus after 2000ms: athena.semanticScm
2026-07-18T00:23:51.381Z core:ApplicationShell WARN Widget was activated, but did not accept focus after 2000ms: athena.semanticMacroCatalog
2026-07-18T00:23:55.426Z core:ApplicationShell WARN Widget was activated, but did not accept focus after 2000ms: athena.repositoryGraph
